2025-01-13 17:05:17,152:WARNING:discord.client: PyNaCl is not installed, voice will NOT be supported
2025-01-13 17:05:17,153:INFO:discord.client: logging in using static token
2025-01-13 17:05:17,622:INFO:discord.gateway: Shard ID None has connected to Gateway (Session ID: 8a274d2773b6b0f9dff396b0076b8a1a).
2025-01-13 17:05:19,624:INFO:discord: loading api activities cog
2025-01-13 17:05:19,625:INFO:discord: calling api activities cog 'refresh' method
2025-01-13 17:05:19,625:INFO:discord: reading api activities from cache
2025-01-13 17:05:19,625:INFO:discord: fetching api settings data from settings keys
2025-01-13 17:05:19,668:INFO:discord: 	fetched data for settings key a3a263e0-5b53-4b66-8490-2f3ec8bff9bd
2025-01-13 17:05:19,756:INFO:discord: 	fetched data for settings key e2780a78-1052-4f4b-854e-b2cce90934e1
2025-01-13 17:05:19,811:INFO:discord: 	fetched data for settings key de7e84d0-e670-4e0e-8769-cda3197f3f92
2025-01-13 17:05:19,869:INFO:discord: 	fetched data for settings key efc1371b-add1-4cca-9bc6-dfd9e7cb596c
2025-01-13 17:05:19,909:INFO:discord: 	fetched data for settings key 11cbc8d1-10a3-410e-8e70-63e58e76e608
2025-01-13 17:05:19,909:INFO:discord: fetching api activities data from settings data
2025-01-13 17:05:19,961:INFO:discord: 	fetched data for activities key 64e92ee4-8e97-4603-9905-55bee0102144
2025-01-13 17:05:20,009:INFO:discord: 	fetched data for activities key 6e83ead3-1a2f-4491-aa9e-d62a0090e4f9
2025-01-13 17:05:20,076:INFO:discord: 	fetched data for activities key d4b82180-15fa-4ec4-bafa-d16e7c876501
2025-01-13 17:05:20,121:INFO:discord: 	fetched data for activities key ec57995d-fddb-48c8-b994-4c70ca21b7dc
2025-01-13 17:05:20,168:INFO:discord: 	fetched data for activities key 43790dd8-0260-4c90-b678-c47fdf47891e
2025-01-13 17:05:20,231:INFO:discord: 	fetched data for activities key f6543077-277f-4990-b1b5-11e6525d0f2f
2025-01-13 17:05:20,281:INFO:discord: 	fetched data for activities key fc0b6df2-c24d-4dc4-a698-ae00062c85e8
2025-01-13 17:05:20,340:INFO:discord: 	fetched data for activities key 8281c3b8-0ee8-4951-aebf-ed238512867d
2025-01-13 17:05:20,401:INFO:discord: 	fetched data for activities key ba01655a-9292-430a-b3ee-714e8cde8b30
2025-01-13 17:05:20,457:INFO:discord: 	fetched data for activities key 807e5d75-9cac-4c92-8d31-430fd5199f3a
2025-01-13 17:05:20,501:INFO:discord: 	fetched data for activities key c2c037fe-8ebd-4634-96e8-bf5f8861ee4f
2025-01-13 17:05:20,551:INFO:discord: 	fetched data for activities key b40b132a-4086-4da8-9068-ebd0d9daefa7
2025-01-13 17:05:20,602:INFO:discord: 	fetched data for activities key fc1f1e2e-8f54-4363-8c96-4644300edb2d
2025-01-13 17:05:20,672:INFO:discord: 	fetched data for activities key 58599e92-4b37-4b44-bf6c-89b34eefa188
2025-01-13 17:05:20,749:INFO:discord: 	fetched data for activities key ab9a71f7-43d5-4c99-96db-30d7f59c9514
2025-01-13 17:05:20,806:INFO:discord: 	fetched data for activities key 9f2e1352-2287-48d0-a2ee-ed24de5b3683
2025-01-13 17:05:20,852:INFO:discord: 	fetched data for activities key 0b33ae8c-6c84-467e-ac01-5185d418f35f
2025-01-13 17:05:20,924:INFO:discord: 	fetched data for activities key cd16e5cc-0cff-45d1-acc9-77c1b929c891
2025-01-13 17:05:20,977:INFO:discord: 	fetched data for activities key 4a58e161-f449-4cd7-bba2-66b64bed1e87
2025-01-13 17:05:21,029:INFO:discord: 	fetched data for activities key 9216ad20-e4ba-4880-abd4-973084eb883c
2025-01-13 17:05:21,086:INFO:discord: 	fetched data for activities key 704ef616-4170-4383-a9c0-f957182bb239
2025-01-13 17:05:21,136:INFO:discord: 	fetched data for activities key 8d60a73e-7429-44b5-a26c-a5290f557adc
2025-01-13 17:05:21,136:INFO:discord: comparing api activities data with last query
2025-01-13 17:05:21,136:INFO:discord: detected old activity for key 64e92ee4-8e97-4603-9905-55bee0102144, evaluating activity for api changes
2025-01-13 17:05:21,136:INFO:discord: 	changes not detected for activity 64e92ee4-8e97-4603-9905-55bee0102144
2025-01-13 17:05:21,136:INFO:discord: detected old activity for key 6e83ead3-1a2f-4491-aa9e-d62a0090e4f9, evaluating activity for api changes
2025-01-13 17:05:21,136:INFO:discord: 	changes not detected for activity 6e83ead3-1a2f-4491-aa9e-d62a0090e4f9
2025-01-13 17:05:21,136:INFO:discord: detected old activity for key d4b82180-15fa-4ec4-bafa-d16e7c876501, evaluating activity for api changes
2025-01-13 17:05:21,136:INFO:discord: 	changes not detected for activity d4b82180-15fa-4ec4-bafa-d16e7c876501
2025-01-13 17:05:21,136:INFO:discord: detected old activity for key ec57995d-fddb-48c8-b994-4c70ca21b7dc, evaluating activity for api changes
2025-01-13 17:05:21,136:INFO:discord: 	changes not detected for activity ec57995d-fddb-48c8-b994-4c70ca21b7dc
2025-01-13 17:05:21,136:INFO:discord: detected old activity for key 43790dd8-0260-4c90-b678-c47fdf47891e, evaluating activity for api changes
2025-01-13 17:05:21,136:INFO:discord: 	changes not detected for activity 43790dd8-0260-4c90-b678-c47fdf47891e
2025-01-13 17:05:21,136:INFO:discord: detected old activity for key f6543077-277f-4990-b1b5-11e6525d0f2f, evaluating activity for api changes
2025-01-13 17:05:21,136:INFO:discord: 	changes not detected for activity f6543077-277f-4990-b1b5-11e6525d0f2f
2025-01-13 17:05:21,136:INFO:discord: detected old activity for key fc0b6df2-c24d-4dc4-a698-ae00062c85e8, evaluating activity for api changes
2025-01-13 17:05:21,136:INFO:discord: 	changes not detected for activity fc0b6df2-c24d-4dc4-a698-ae00062c85e8
2025-01-13 17:05:21,136:INFO:discord: detected old activity for key 8281c3b8-0ee8-4951-aebf-ed238512867d, evaluating activity for api changes
2025-01-13 17:05:21,136:INFO:discord: 	changes not detected for activity 8281c3b8-0ee8-4951-aebf-ed238512867d
2025-01-13 17:05:21,136:INFO:discord: detected old activity for key ba01655a-9292-430a-b3ee-714e8cde8b30, evaluating activity for api changes
2025-01-13 17:05:21,136:INFO:discord: 	changes not detected for activity ba01655a-9292-430a-b3ee-714e8cde8b30
2025-01-13 17:05:21,136:INFO:discord: detected old activity for key 807e5d75-9cac-4c92-8d31-430fd5199f3a, evaluating activity for api changes
2025-01-13 17:05:21,136:INFO:discord: 	changes not detected for activity 807e5d75-9cac-4c92-8d31-430fd5199f3a
2025-01-13 17:05:21,136:INFO:discord: detected old activity for key c2c037fe-8ebd-4634-96e8-bf5f8861ee4f, evaluating activity for api changes
2025-01-13 17:05:21,137:INFO:discord: 	changes not detected for activity c2c037fe-8ebd-4634-96e8-bf5f8861ee4f
2025-01-13 17:05:21,137:INFO:discord: detected old activity for key b40b132a-4086-4da8-9068-ebd0d9daefa7, evaluating activity for api changes
2025-01-13 17:05:21,137:INFO:discord: 	changes not detected for activity b40b132a-4086-4da8-9068-ebd0d9daefa7
2025-01-13 17:05:21,137:INFO:discord: detected old activity for key fc1f1e2e-8f54-4363-8c96-4644300edb2d, evaluating activity for api changes
2025-01-13 17:05:21,137:INFO:discord: 	changes not detected for activity fc1f1e2e-8f54-4363-8c96-4644300edb2d
2025-01-13 17:05:21,137:INFO:discord: detected old activity for key 58599e92-4b37-4b44-bf6c-89b34eefa188, evaluating activity for api changes
2025-01-13 17:05:21,137:INFO:discord: 	changes not detected for activity 58599e92-4b37-4b44-bf6c-89b34eefa188
2025-01-13 17:05:21,137:INFO:discord: detected old activity for key ab9a71f7-43d5-4c99-96db-30d7f59c9514, evaluating activity for api changes
2025-01-13 17:05:21,137:INFO:discord: 	changes not detected for activity ab9a71f7-43d5-4c99-96db-30d7f59c9514
2025-01-13 17:05:21,137:INFO:discord: detected old activity for key 9f2e1352-2287-48d0-a2ee-ed24de5b3683, evaluating activity for api changes
2025-01-13 17:05:21,137:INFO:discord: 	changes not detected for activity 9f2e1352-2287-48d0-a2ee-ed24de5b3683
2025-01-13 17:05:21,137:INFO:discord: detected old activity for key 0b33ae8c-6c84-467e-ac01-5185d418f35f, evaluating activity for api changes
2025-01-13 17:05:21,137:INFO:discord: 	changes not detected for activity 0b33ae8c-6c84-467e-ac01-5185d418f35f
2025-01-13 17:05:21,137:INFO:discord: detected old activity for key cd16e5cc-0cff-45d1-acc9-77c1b929c891, evaluating activity for api changes
2025-01-13 17:05:21,137:INFO:discord: 	changes not detected for activity cd16e5cc-0cff-45d1-acc9-77c1b929c891
2025-01-13 17:05:21,137:INFO:discord: detected old activity for key 4a58e161-f449-4cd7-bba2-66b64bed1e87, evaluating activity for api changes
2025-01-13 17:05:21,137:INFO:discord: 	changes not detected for activity 4a58e161-f449-4cd7-bba2-66b64bed1e87
2025-01-13 17:05:21,137:INFO:discord: detected old activity for key 9216ad20-e4ba-4880-abd4-973084eb883c, evaluating activity for api changes
2025-01-13 17:05:21,137:INFO:discord: 	changes not detected for activity 9216ad20-e4ba-4880-abd4-973084eb883c
2025-01-13 17:05:21,137:INFO:discord: detected old activity for key 704ef616-4170-4383-a9c0-f957182bb239, evaluating activity for api changes
2025-01-13 17:05:21,137:INFO:discord: 	changes not detected for activity 704ef616-4170-4383-a9c0-f957182bb239
2025-01-13 17:05:21,137:INFO:discord: detected old activity for key 8d60a73e-7429-44b5-a26c-a5290f557adc, evaluating activity for api changes
2025-01-13 17:05:21,137:INFO:discord: 	changes not detected for activity 8d60a73e-7429-44b5-a26c-a5290f557adc
